0 info it worked if it ends with ok
1 verbose cli [ 'C:\\Program Files\\nodejs\\node.exe',
1 verbose cli   'C:\\Program Files\\nodejs\\node_modules\\npm\\bin\\npm-cli.js',
1 verbose cli   'run',
1 verbose cli   'serve' ]
2 info using npm@4.1.2
3 info using node@v7.7.2
4 verbose run-script [ 'preserve', 'serve', 'postserve' ]
5 info lifecycle hoverboard@1.2.0~preserve: hoverboard@1.2.0
6 silly lifecycle hoverboard@1.2.0~preserve: no script for preserve, continuing
7 info lifecycle hoverboard@1.2.0~serve: hoverboard@1.2.0
8 verbose lifecycle hoverboard@1.2.0~serve: unsafe-perm in lifecycle true
9 verbose lifecycle hoverboard@1.2.0~serve: PATH: C:\Program Files\nodejs\node_modules\npm\bin\node-gyp-bin;D:\gdg-foumban\node_modules\.bin;C:\Program Files\Python36-32\Scripts\;C:\Program Files\Python36-32\;C:\ProgramData\Oracle\Java\javapath;C:\Windows\system32;C:\Windows;C:\Windows\System32\Wbem;C:\Windows\System32\WindowsPowerShell\v1.0\;C:\Program Files\ThinkPad\Bluetooth Software\;C:\Program Files\Intel\OpenCL SDK\2.0\bin\x86;C:\Program Files\Common Files\Lenovo;C:\Program Files\Lenovo\Client Security Solution;C:\Program Files\Lenovo\Access Connections\;C:\Program Files\Intel\WiFi\bin\;C:\Program Files\Common Files\Intel\WirelessCommon\;C:\Program Files\nodejs\;C:\Program Files\Brackets\command;C:\Program Files\Skype\Phone\;C:\Program Files\Python36-32\Scripts;C:\Program Files\Git\cmd;C:\Program Files\OpenSSH\bin\C:\kotlin compiler\bin;C:\Ruby24\bin;C:\Program Files\Intel\WiFi\bin\;C:\Program Files\Common Files\Intel\WirelessCommon\;C:\Program Files\Java\jdk1.8.0_65\bin;C:\Users\RAMADAN AWESOME\AppData\Roaming\npm
10 verbose lifecycle hoverboard@1.2.0~serve: CWD: D:\gdg-foumban
11 silly lifecycle hoverboard@1.2.0~serve: Args: [ '/d /s /c', 'gulp serve' ]
12 silly lifecycle hoverboard@1.2.0~serve: Returned: code: 1  signal: null
13 info lifecycle hoverboard@1.2.0~serve: Failed to exec serve script
14 verbose stack Error: hoverboard@1.2.0 serve: `gulp serve`
14 verbose stack Exit status 1
14 verbose stack     at EventEmitter.<anonymous> (C:\Program Files\nodejs\node_modules\npm\lib\utils\lifecycle.js:279:16)
14 verbose stack     at emitTwo (events.js:106:13)
14 verbose stack     at EventEmitter.emit (events.js:194:7)
14 verbose stack     at ChildProcess.<anonymous> (C:\Program Files\nodejs\node_modules\npm\lib\utils\spawn.js:40:14)
14 verbose stack     at emitTwo (events.js:106:13)
14 verbose stack     at ChildProcess.emit (events.js:194:7)
14 verbose stack     at maybeClose (internal/child_process.js:899:16)
14 verbose stack     at Process.ChildProcess._handle.onexit (internal/child_process.js:226:5)
15 verbose pkgid hoverboard@1.2.0
16 verbose cwd D:\gdg-foumban
17 error Windows_NT 6.1.7601
18 error argv "C:\\Program Files\\nodejs\\node.exe" "C:\\Program Files\\nodejs\\node_modules\\npm\\bin\\npm-cli.js" "run" "serve"
19 error node v7.7.2
20 error npm  v4.1.2
21 error code ELIFECYCLE
22 error hoverboard@1.2.0 serve: `gulp serve`
22 error Exit status 1
23 error Failed at the hoverboard@1.2.0 serve script 'gulp serve'.
23 error Make sure you have the latest version of node.js and npm installed.
23 error If you do, this is most likely a problem with the hoverboard package,
23 error not with npm itself.
23 error Tell the author that this fails on your system:
23 error     gulp serve
23 error You can get information on how to open an issue for this project with:
23 error     npm bugs hoverboard
23 error Or if that isn't available, you can get their info via:
23 error     npm owner ls hoverboard
23 error There is likely additional logging output above.
24 verbose exit [ 1, true ]
